<?xml version="1.0" encoding="UTF-8"?>
<!-- Generated by org.testng.reporters.JUnitReportReporter -->
<testsuite hostname="Swetha" name="FlightBooking.FlightDetails" tests="1" failures="0" timestamp="7 May 2016 00:13:17 GMT" time="1.323" errors="0">
  <testcase name="flightDetailMethod" time="1.323" classname="FlightBooking.FlightDetails"/>
</testsuite> <!-- FlightBooking.FlightDetails -->
