<?xml version="1.0" encoding="UTF-8"?>
<!-- Generated by org.testng.reporters.JUnitReportReporter -->
<testsuite hostname="Swetha" name="testngPackage.DataProvider1" tests="2" failures="0" timestamp="5 May 2016 00:41:29 GMT" time="20.410" errors="0">
  <testcase name="getAccounts" time="11.275" classname="testngPackage.DataProvider1"/>
  <testcase name="getAccounts" time="9.135" classname="testngPackage.DataProvider1"/>
</testsuite> <!-- testngPackage.DataProvider1 -->
