<?xml version="1.0" encoding="UTF-8"?>
<!-- Generated by org.testng.reporters.JUnitReportReporter -->
<testsuite hostname="Swetha" name="FlightBooking.FlightConfirm" tests="1" failures="0" timestamp="7 May 2016 00:13:17 GMT" time="0.040" errors="0">
  <testcase name="bookFlightlMethod" time="0.040" classname="FlightBooking.FlightConfirm"/>
</testsuite> <!-- FlightBooking.FlightConfirm -->
