<?xml version="1.0" encoding="UTF-8"?>
<!-- Generated by org.testng.reporters.JUnitReportReporter -->
<testsuite hostname="Swetha" name="testngPackage.Test1" tests="1" failures="0" timestamp="5 May 2016 11:49:58 GMT" time="21.129" errors="0">
  <testcase name="openUrl" time="21.129" classname="testngPackage.Test1"/>
</testsuite> <!-- testngPackage.Test1 -->
