<?xml version="1.0" encoding="UTF-8"?>
<!-- Generated by org.testng.reporters.JUnitReportReporter -->
<testsuite hostname="Swetha" name="FlightBooking.BookFlight" tests="1" failures="0" timestamp="7 May 2016 00:13:17 GMT" time="0.693" errors="0">
  <testcase name="bookFlightlMethod" time="0.693" classname="FlightBooking.BookFlight"/>
</testsuite> <!-- FlightBooking.BookFlight -->
