<?xml version="1.0" encoding="UTF-8"?>
<!-- Generated by org.testng.reporters.JUnitReportReporter -->
<testsuite hostname="Swetha" name="FlightBooking.Login" tests="1" failures="0" timestamp="7 May 2016 00:13:17 GMT" time="8.261" errors="0">
  <testcase name="flightLogin" time="8.261" classname="FlightBooking.Login"/>
</testsuite> <!-- FlightBooking.Login -->
