<?xml version="1.0" encoding="UTF-8"?>
<!-- Generated by org.testng.reporters.JUnitReportReporter -->
<testsuite hostname="Swetha" name="testngPackage.GroupsExample" tests="1" failures="0" timestamp="5 May 2016 00:26:02 GMT" time="0.012" errors="0">
  <testcase name="bookFlight" time="0.012" classname="testngPackage.GroupsExample"/>
</testsuite> <!-- testngPackage.GroupsExample -->
