<?xml version="1.0" encoding="UTF-8"?>
<!-- Generated by org.testng.reporters.JUnitReportReporter -->
<testsuite hostname="Swetha" name="testngPackage.param" tests="1" failures="0" timestamp="5 May 2016 00:50:17 GMT" time="0.014" errors="0">
  <testcase name="login" time="0.014" classname="testngPackage.param"/>
</testsuite> <!-- testngPackage.param -->
