<?xml version="1.0" encoding="UTF-8"?>
<!-- Generated by org.testng.reporters.JUnitReportReporter -->
<testsuite hostname="Swetha" name="testngPackage.Annotation2" tests="1" failures="0" timestamp="7 May 2016 00:03:07 GMT" time="0.002" errors="0">
  <testcase name="logout" time="0.002" classname="testngPackage.Annotation2"/>
</testsuite> <!-- testngPackage.Annotation2 -->
