<?xml version="1.0" encoding="UTF-8"?>
<!-- Generated by org.testng.reporters.JUnitReportReporter -->
<testsuite hostname="Swetha" name="DataDriven1" tests="1" failures="0" timestamp="5 May 2016 23:43:12 GMT" time="8.773" errors="0">
  <testcase name="login" time="8.773" classname="DataDriven1"/>
</testsuite> <!-- DataDriven1 -->
