<?xml version="1.0" encoding="UTF-8"?>
<!-- Generated by org.testng.reporters.JUnitReportReporter -->
<testsuite hostname="Swetha" name="Grid.GridWithMultipleNodes" tests="2" failures="0" timestamp="7 May 2016 01:04:14 GMT" time="11.761" errors="0">
  <testcase name="testLogin" time="3.396" classname="Grid.GridWithMultipleNodes"/>
  <testcase name="testLogin" time="8.365" classname="Grid.GridWithMultipleNodes"/>
</testsuite> <!-- Grid.GridWithMultipleNodes -->
