<?xml version="1.0" encoding="UTF-8"?>
<!-- Generated by org.testng.reporters.JUnitReportReporter -->
<testsuite hostname="Swetha" name="Grid.Login" tests="1" failures="0" timestamp="7 May 2016 00:46:20 GMT" time="9.935" errors="0">
  <testcase name="testLogin" time="9.935" classname="Grid.Login"/>
</testsuite> <!-- Grid.Login -->
