<?xml version="1.0" encoding="UTF-8"?>
<!-- Generated by org.testng.reporters.JUnitReportReporter -->
<testsuite hostname="Swetha" name="Grid.GridWithMultipleBrowsers" tests="2" failures="0" timestamp="7 May 2016 01:01:03 GMT" time="13.634" errors="0">
  <testcase name="testLogin" time="7.151" classname="Grid.GridWithMultipleBrowsers"/>
  <testcase name="testLogin" time="6.483" classname="Grid.GridWithMultipleBrowsers"/>
</testsuite> <!-- Grid.GridWithMultipleBrowsers -->
